2018-02-08 19:13:16 [AWT-EventQueue-0] 174::: INFO  org.excel2db.read.DBFile - headerInfo:[recordSize=3,fieldSize=21,namebuflength=333,typebuflength=21,databuflength=1412]
2018-02-08 19:13:16 [AWT-EventQueue-0] 154::: INFO  org.excel2db.read.DBFile - [roleClass, roleName, soundGroup, attackCheckDistance, attackBeginner, attackSequence, airAttackBeginner, airAttackSequence, airDownAttack, upAttack, downAttack, frontAttack, roleTalent, talentUnlocker, dynamicGravity, basicSpeed, iconPath, prefabPath, autoBattleAI, initWeapon, initTempBag]
2018-02-08 19:13:16 [AWT-EventQueue-0] 138::: INFO  org.excel2db.read.DBFile - [INT, STRING, INT, INT, INT, INTS, INT, INTS, INT, INT, INT, INT, INTS, INT, FLOAT, INT, STRING, STRING, INTS, INTS, INTS]
2018-02-08 19:13:16 [AWT-EventQueue-0] 46::: ERROR org.excel2db.read.DBFile - init dbfile error
java.lang.NumberFormatException: For input string: ""
	at java.lang.NumberFormatException.forInputString(Unknown Source)
	at java.lang.Integer.parseInt(Unknown Source)
	at java.lang.Integer.valueOf(Unknown Source)
	at org.excel2db.read.DBFile.parseDate(DBFile.java:88)
	at org.excel2db.read.DBFile.init(DBFile.java:44)
	at org.excel2db.browse.NDBBrowseFrame.browseNDB(NDBBrowseFrame.java:90)
	at org.excel2db.browse.NDBBrowseFrame.access$000(NDBBrowseFrame.java:29)
	at org.excel2db.browse.NDBBrowseFrame$1.drop(NDBBrowseFrame.java:70)
	at java.awt.dnd.DropTarget.drop(Unknown Source)
	at sun.awt.dnd.SunDropTargetContextPeer.processDropMessage(Unknown Source)
	at sun.awt.dnd.SunDropTargetContextPeer$EventDispatcher.dispatchDropEvent(Unknown Source)
	at sun.awt.dnd.SunDropTargetContextPeer$EventDispatcher.dispatchEvent(Unknown Source)
	at sun.awt.dnd.SunDropTargetEvent.dispatch(Unknown Source)
	at java.awt.Component.dispatchEventImpl(Unknown Source)
	at java.awt.Container.dispatchEventImpl(Unknown Source)
	at java.awt.Window.dispatchEventImpl(Unknown Source)
	at java.awt.Component.dispatchEvent(Unknown Source)
	at java.awt.EventQueue.dispatchEventImpl(Unknown Source)
	at java.awt.EventQueue.access$500(Unknown Source)
	at java.awt.EventQueue$3.run(Unknown Source)
	at java.awt.EventQueue$3.run(Unknown Source)
	at java.security.AccessController.doPrivileged(Native Method)
	at java.security.ProtectionDomain$JavaSecurityAccessImpl.doIntersectionPrivilege(Unknown Source)
	at java.security.ProtectionDomain$JavaSecurityAccessImpl.doIntersectionPrivilege(Unknown Source)
	at java.awt.EventQueue$4.run(Unknown Source)
	at java.awt.EventQueue$4.run(Unknown Source)
	at java.security.AccessController.doPrivileged(Native Method)
	at java.security.ProtectionDomain$JavaSecurityAccessImpl.doIntersectionPrivilege(Unknown Source)
	at java.awt.EventQueue.dispatchEvent(Unknown Source)
	at java.awt.EventDispatchThread.pumpOneEventForFilters(Unknown Source)
	at java.awt.EventDispatchThread.pumpEventsForFilter(Unknown Source)
	at java.awt.EventDispatchThread.pumpEventsForHierarchy(Unknown Source)
	at java.awt.EventDispatchThread.pumpEvents(Unknown Source)
	at java.awt.EventDispatchThread.pumpEvents(Unknown Source)
	at java.awt.EventDispatchThread.run(Unknown Source)
2018-02-08 19:13:21 [AWT-EventQueue-0] 174::: INFO  org.excel2db.read.DBFile - headerInfo:[recordSize=301,fieldSize=18,namebuflength=314,typebuflength=18,databuflength=21672]
2018-02-08 19:13:21 [AWT-EventQueue-0] 154::: INFO  org.excel2db.read.DBFile - [roleClass, roleLevel, roleExp, roleHealthPoint, roleStrength, roleConstitution, roleDexterity, roleCriRate, roleStability, roleEarthResist, roleWaterResist, roleFireResist, roleWindResist, roleStunResist, roleFrozenResist, roleBurnResist, rolePoisonResist, roleParalysedResist]
2018-02-08 19:13:21 [AWT-EventQueue-0] 138::: INFO  org.excel2db.read.DBFile - [INT, INT, INT, INT, INT, INT, INT, INT, INT, FLOAT, FLOAT, FLOAT, FLOAT, FLOAT, FLOAT, FLOAT, FLOAT, FLOAT]
2018-02-08 19:13:28 [AWT-EventQueue-0] 174::: INFO  org.excel2db.read.DBFile - headerInfo:[recordSize=12,fieldSize=11,namebuflength=163,typebuflength=11,databuflength=726]
2018-02-08 19:13:28 [AWT-EventQueue-0] 154::: INFO  org.excel2db.read.DBFile - [rechargeID, rechargeType, maskCover, priority, rechargeName, rechargeCost, rechargeReward, discountLimit, displayOrder, bgPic, textDescribe]
2018-02-08 19:13:28 [AWT-EventQueue-0] 138::: INFO  org.excel2db.read.DBFile - [INT, INT, INT, INT, STRING, INT, INT, INT, INT, STRING, STRING]
2018-02-08 19:13:34 [AWT-EventQueue-0] 174::: INFO  org.excel2db.read.DBFile - headerInfo:[recordSize=3,fieldSize=21,namebuflength=333,typebuflength=21,databuflength=1412]
2018-02-08 19:13:34 [AWT-EventQueue-0] 154::: INFO  org.excel2db.read.DBFile - [roleClass, roleName, soundGroup, attackCheckDistance, attackBeginner, attackSequence, airAttackBeginner, airAttackSequence, airDownAttack, upAttack, downAttack, frontAttack, roleTalent, talentUnlocker, dynamicGravity, basicSpeed, iconPath, prefabPath, autoBattleAI, initWeapon, initTempBag]
2018-02-08 19:13:34 [AWT-EventQueue-0] 138::: INFO  org.excel2db.read.DBFile - [INT, STRING, INT, INT, INT, INTS, INT, INTS, INT, INT, INT, INT, INTS, INT, FLOAT, INT, STRING, STRING, INTS, INTS, INTS]
2018-02-08 19:13:34 [AWT-EventQueue-0] 46::: ERROR org.excel2db.read.DBFile - init dbfile error
java.lang.NumberFormatException: For input string: ""
	at java.lang.NumberFormatException.forInputString(Unknown Source)
	at java.lang.Integer.parseInt(Unknown Source)
	at java.lang.Integer.valueOf(Unknown Source)
	at org.excel2db.read.DBFile.parseDate(DBFile.java:88)
	at org.excel2db.read.DBFile.init(DBFile.java:44)
	at org.excel2db.browse.NDBBrowseFrame.browseNDB(NDBBrowseFrame.java:90)
	at org.excel2db.browse.NDBBrowseFrame.access$000(NDBBrowseFrame.java:29)
	at org.excel2db.browse.NDBBrowseFrame$1.drop(NDBBrowseFrame.java:70)
	at java.awt.dnd.DropTarget.drop(Unknown Source)
	at sun.awt.dnd.SunDropTargetContextPeer.processDropMessage(Unknown Source)
	at sun.awt.dnd.SunDropTargetContextPeer$EventDispatcher.dispatchDropEvent(Unknown Source)
	at sun.awt.dnd.SunDropTargetContextPeer$EventDispatcher.dispatchEvent(Unknown Source)
	at sun.awt.dnd.SunDropTargetEvent.dispatch(Unknown Source)
	at java.awt.Component.dispatchEventImpl(Unknown Source)
	at java.awt.Container.dispatchEventImpl(Unknown Source)
	at java.awt.Window.dispatchEventImpl(Unknown Source)
	at java.awt.Component.dispatchEvent(Unknown Source)
	at java.awt.EventQueue.dispatchEventImpl(Unknown Source)
	at java.awt.EventQueue.access$500(Unknown Source)
	at java.awt.EventQueue$3.run(Unknown Source)
	at java.awt.EventQueue$3.run(Unknown Source)
	at java.security.AccessController.doPrivileged(Native Method)
	at java.security.ProtectionDomain$JavaSecurityAccessImpl.doIntersectionPrivilege(Unknown Source)
	at java.security.ProtectionDomain$JavaSecurityAccessImpl.doIntersectionPrivilege(Unknown Source)
	at java.awt.EventQueue$4.run(Unknown Source)
	at java.awt.EventQueue$4.run(Unknown Source)
	at java.security.AccessController.doPrivileged(Native Method)
	at java.security.ProtectionDomain$JavaSecurityAccessImpl.doIntersectionPrivilege(Unknown Source)
	at java.awt.EventQueue.dispatchEvent(Unknown Source)
	at java.awt.EventDispatchThread.pumpOneEventForFilters(Unknown Source)
	at java.awt.EventDispatchThread.pumpEventsForFilter(Unknown Source)
	at java.awt.EventDispatchThread.pumpEventsForHierarchy(Unknown Source)
	at java.awt.EventDispatchThread.pumpEvents(Unknown Source)
	at java.awt.EventDispatchThread.pumpEvents(Unknown Source)
	at java.awt.EventDispatchThread.run(Unknown Source)
2018-02-08 19:15:22 [AWT-EventQueue-0] 174::: INFO  org.excel2db.read.DBFile - headerInfo:[recordSize=3,fieldSize=21,namebuflength=333,typebuflength=21,databuflength=1412]
2018-02-08 19:15:22 [AWT-EventQueue-0] 154::: INFO  org.excel2db.read.DBFile - [roleClass, roleName, soundGroup, attackCheckDistance, attackBeginner, attackSequence, airAttackBeginner, airAttackSequence, airDownAttack, upAttack, downAttack, frontAttack, roleTalent, talentUnlocker, dynamicGravity, basicSpeed, iconPath, prefabPath, autoBattleAI, initWeapon, initTempBag]
2018-02-08 19:15:22 [AWT-EventQueue-0] 138::: INFO  org.excel2db.read.DBFile - [INT, STRING, INT, INT, INT, INTS, INT, INTS, INT, INT, INT, INT, INTS, INT, FLOAT, INT, STRING, STRING, INTS, INTS, INTS]
2018-02-08 19:15:22 [AWT-EventQueue-0] 46::: ERROR org.excel2db.read.DBFile - init dbfile error
java.lang.NumberFormatException: For input string: ""
	at java.lang.NumberFormatException.forInputString(Unknown Source)
	at java.lang.Integer.parseInt(Unknown Source)
	at java.lang.Integer.valueOf(Unknown Source)
	at org.excel2db.read.DBFile.parseDate(DBFile.java:88)
	at org.excel2db.read.DBFile.init(DBFile.java:44)
	at org.excel2db.browse.NDBBrowseFrame.browseNDB(NDBBrowseFrame.java:90)
	at org.excel2db.browse.NDBBrowseFrame.access$000(NDBBrowseFrame.java:29)
	at org.excel2db.browse.NDBBrowseFrame$1.drop(NDBBrowseFrame.java:70)
	at java.awt.dnd.DropTarget.drop(Unknown Source)
	at sun.awt.dnd.SunDropTargetContextPeer.processDropMessage(Unknown Source)
	at sun.awt.dnd.SunDropTargetContextPeer$EventDispatcher.dispatchDropEvent(Unknown Source)
	at sun.awt.dnd.SunDropTargetContextPeer$EventDispatcher.dispatchEvent(Unknown Source)
	at sun.awt.dnd.SunDropTargetEvent.dispatch(Unknown Source)
	at java.awt.Component.dispatchEventImpl(Unknown Source)
	at java.awt.Container.dispatchEventImpl(Unknown Source)
	at java.awt.Window.dispatchEventImpl(Unknown Source)
	at java.awt.Component.dispatchEvent(Unknown Source)
	at java.awt.EventQueue.dispatchEventImpl(Unknown Source)
	at java.awt.EventQueue.access$500(Unknown Source)
	at java.awt.EventQueue$3.run(Unknown Source)
	at java.awt.EventQueue$3.run(Unknown Source)
	at java.security.AccessController.doPrivileged(Native Method)
	at java.security.ProtectionDomain$JavaSecurityAccessImpl.doIntersectionPrivilege(Unknown Source)
	at java.security.ProtectionDomain$JavaSecurityAccessImpl.doIntersectionPrivilege(Unknown Source)
	at java.awt.EventQueue$4.run(Unknown Source)
	at java.awt.EventQueue$4.run(Unknown Source)
	at java.security.AccessController.doPrivileged(Native Method)
	at java.security.ProtectionDomain$JavaSecurityAccessImpl.doIntersectionPrivilege(Unknown Source)
	at java.awt.EventQueue.dispatchEvent(Unknown Source)
	at java.awt.EventDispatchThread.pumpOneEventForFilters(Unknown Source)
	at java.awt.EventDispatchThread.pumpEventsForFilter(Unknown Source)
	at java.awt.EventDispatchThread.pumpEventsForHierarchy(Unknown Source)
	at java.awt.EventDispatchThread.pumpEvents(Unknown Source)
	at java.awt.EventDispatchThread.pumpEvents(Unknown Source)
	at java.awt.EventDispatchThread.run(Unknown Source)
2018-02-08 19:15:29 [AWT-EventQueue-0] 174::: INFO  org.excel2db.read.DBFile - headerInfo:[recordSize=301,fieldSize=18,namebuflength=314,typebuflength=18,databuflength=21672]
2018-02-08 19:15:29 [AWT-EventQueue-0] 154::: INFO  org.excel2db.read.DBFile - [roleClass, roleLevel, roleExp, roleHealthPoint, roleStrength, roleConstitution, roleDexterity, roleCriRate, roleStability, roleEarthResist, roleWaterResist, roleFireResist, roleWindResist, roleStunResist, roleFrozenResist, roleBurnResist, rolePoisonResist, roleParalysedResist]
2018-02-08 19:15:29 [AWT-EventQueue-0] 138::: INFO  org.excel2db.read.DBFile - [INT, INT, INT, INT, INT, INT, INT, INT, INT, FLOAT, FLOAT, FLOAT, FLOAT, FLOAT, FLOAT, FLOAT, FLOAT, FLOAT]
2018-02-08 19:15:31 [AWT-EventQueue-0] 174::: INFO  org.excel2db.read.DBFile - headerInfo:[recordSize=4,fieldSize=3,namebuflength=34,typebuflength=3,databuflength=100]
2018-02-08 19:15:31 [AWT-EventQueue-0] 154::: INFO  org.excel2db.read.DBFile - [shopID, shopName, shopCron]
2018-02-08 19:15:31 [AWT-EventQueue-0] 138::: INFO  org.excel2db.read.DBFile - [INT, STRING, STRING]
2018-02-08 19:15:33 [AWT-EventQueue-0] 174::: INFO  org.excel2db.read.DBFile - headerInfo:[recordSize=3,fieldSize=21,namebuflength=333,typebuflength=21,databuflength=1412]
2018-02-08 19:15:33 [AWT-EventQueue-0] 154::: INFO  org.excel2db.read.DBFile - [roleClass, roleName, soundGroup, attackCheckDistance, attackBeginner, attackSequence, airAttackBeginner, airAttackSequence, airDownAttack, upAttack, downAttack, frontAttack, roleTalent, talentUnlocker, dynamicGravity, basicSpeed, iconPath, prefabPath, autoBattleAI, initWeapon, initTempBag]
2018-02-08 19:15:33 [AWT-EventQueue-0] 138::: INFO  org.excel2db.read.DBFile - [INT, STRING, INT, INT, INT, INTS, INT, INTS, INT, INT, INT, INT, INTS, INT, FLOAT, INT, STRING, STRING, INTS, INTS, INTS]
2018-02-08 19:15:33 [AWT-EventQueue-0] 46::: ERROR org.excel2db.read.DBFile - init dbfile error
java.lang.NumberFormatException: For input string: ""
	at java.lang.NumberFormatException.forInputString(Unknown Source)
	at java.lang.Integer.parseInt(Unknown Source)
	at java.lang.Integer.valueOf(Unknown Source)
	at org.excel2db.read.DBFile.parseDate(DBFile.java:88)
	at org.excel2db.read.DBFile.init(DBFile.java:44)
	at org.excel2db.browse.NDBBrowseFrame.browseNDB(NDBBrowseFrame.java:90)
	at org.excel2db.browse.NDBBrowseFrame.access$000(NDBBrowseFrame.java:29)
	at org.excel2db.browse.NDBBrowseFrame$1.drop(NDBBrowseFrame.java:70)
	at java.awt.dnd.DropTarget.drop(Unknown Source)
	at sun.awt.dnd.SunDropTargetContextPeer.processDropMessage(Unknown Source)
	at sun.awt.dnd.SunDropTargetContextPeer$EventDispatcher.dispatchDropEvent(Unknown Source)
	at sun.awt.dnd.SunDropTargetContextPeer$EventDispatcher.dispatchEvent(Unknown Source)
	at sun.awt.dnd.SunDropTargetEvent.dispatch(Unknown Source)
	at java.awt.Component.dispatchEventImpl(Unknown Source)
	at java.awt.Container.dispatchEventImpl(Unknown Source)
	at java.awt.Window.dispatchEventImpl(Unknown Source)
	at java.awt.Component.dispatchEvent(Unknown Source)
	at java.awt.EventQueue.dispatchEventImpl(Unknown Source)
	at java.awt.EventQueue.access$500(Unknown Source)
	at java.awt.EventQueue$3.run(Unknown Source)
	at java.awt.EventQueue$3.run(Unknown Source)
	at java.security.AccessController.doPrivileged(Native Method)
	at java.security.ProtectionDomain$JavaSecurityAccessImpl.doIntersectionPrivilege(Unknown Source)
	at java.security.ProtectionDomain$JavaSecurityAccessImpl.doIntersectionPrivilege(Unknown Source)
	at java.awt.EventQueue$4.run(Unknown Source)
	at java.awt.EventQueue$4.run(Unknown Source)
	at java.security.AccessController.doPrivileged(Native Method)
	at java.security.ProtectionDomain$JavaSecurityAccessImpl.doIntersectionPrivilege(Unknown Source)
	at java.awt.EventQueue.dispatchEvent(Unknown Source)
	at java.awt.EventDispatchThread.pumpOneEventForFilters(Unknown Source)
	at java.awt.EventDispatchThread.pumpEventsForFilter(Unknown Source)
	at java.awt.EventDispatchThread.pumpEventsForHierarchy(Unknown Source)
	at java.awt.EventDispatchThread.pumpEvents(Unknown Source)
	at java.awt.EventDispatchThread.pumpEvents(Unknown Source)
	at java.awt.EventDispatchThread.run(Unknown Source)
2018-02-08 19:15:35 [AWT-EventQueue-0] 174::: INFO  org.excel2db.read.DBFile - headerInfo:[recordSize=3,fieldSize=6,namebuflength=87,typebuflength=6,databuflength=217]
2018-02-08 19:15:35 [AWT-EventQueue-0] 154::: INFO  org.excel2db.read.DBFile - [packageID, packageName, packageType, packageItem, packageItemNum, mainPic]
2018-02-08 19:15:35 [AWT-EventQueue-0] 138::: INFO  org.excel2db.read.DBFile - [INT, STRING, INT, INTS, INTS, STRING]
2018-02-08 19:15:37 [AWT-EventQueue-0] 174::: INFO  org.excel2db.read.DBFile - headerInfo:[recordSize=234,fieldSize=27,namebuflength=430,typebuflength=27,databuflength=37262]
2018-02-08 19:15:37 [AWT-EventQueue-0] 154::: INFO  org.excel2db.read.DBFile - [skillID, skillName, skillDmgType, skillType, linkPriority, logicalTarget, maxLevel, powerEffect, powerInc, defenceEffect, defenceInc, hitSplit, hitsWeight, skillConsumeType, skillConsumeValue, skillConsumeInc, chantingDelay, stayInTheAir, ableCastMidAir, castingExtraSta, skillCoolDown, channelingExtraSta, secondaryTrigger, triggerPro, skillDescribe, castDistance, iconName]
2018-02-08 19:15:37 [AWT-EventQueue-0] 138::: INFO  org.excel2db.read.DBFile - [INT, STRING, INT, INT, INT, INT, INT, FLOAT, FLOAT, FLOAT, FLOAT, FLOATS, FLOATS, INT, FLOAT, FLOAT, FLOAT, INT, INT, INTS, FLOAT, INTS, FLOATS, INTS, STRING, INT, STRING]
2018-02-08 19:15:37 [AWT-EventQueue-0] 46::: ERROR org.excel2db.read.DBFile - init dbfile error
java.lang.NumberFormatException: For input string: ""
	at java.lang.NumberFormatException.forInputString(Unknown Source)
	at java.lang.Integer.parseInt(Unknown Source)
	at java.lang.Integer.valueOf(Unknown Source)
	at org.excel2db.read.DBFile.parseDate(DBFile.java:88)
	at org.excel2db.read.DBFile.init(DBFile.java:44)
	at org.excel2db.browse.NDBBrowseFrame.browseNDB(NDBBrowseFrame.java:90)
	at org.excel2db.browse.NDBBrowseFrame.access$000(NDBBrowseFrame.java:29)
	at org.excel2db.browse.NDBBrowseFrame$1.drop(NDBBrowseFrame.java:70)
	at java.awt.dnd.DropTarget.drop(Unknown Source)
	at sun.awt.dnd.SunDropTargetContextPeer.processDropMessage(Unknown Source)
	at sun.awt.dnd.SunDropTargetContextPeer$EventDispatcher.dispatchDropEvent(Unknown Source)
	at sun.awt.dnd.SunDropTargetContextPeer$EventDispatcher.dispatchEvent(Unknown Source)
	at sun.awt.dnd.SunDropTargetEvent.dispatch(Unknown Source)
	at java.awt.Component.dispatchEventImpl(Unknown Source)
	at java.awt.Container.dispatchEventImpl(Unknown Source)
	at java.awt.Window.dispatchEventImpl(Unknown Source)
	at java.awt.Component.dispatchEvent(Unknown Source)
	at java.awt.EventQueue.dispatchEventImpl(Unknown Source)
	at java.awt.EventQueue.access$500(Unknown Source)
	at java.awt.EventQueue$3.run(Unknown Source)
	at java.awt.EventQueue$3.run(Unknown Source)
	at java.security.AccessController.doPrivileged(Native Method)
	at java.security.ProtectionDomain$JavaSecurityAccessImpl.doIntersectionPrivilege(Unknown Source)
	at java.security.ProtectionDomain$JavaSecurityAccessImpl.doIntersectionPrivilege(Unknown Source)
	at java.awt.EventQueue$4.run(Unknown Source)
	at java.awt.EventQueue$4.run(Unknown Source)
	at java.security.AccessController.doPrivileged(Native Method)
	at java.security.ProtectionDomain$JavaSecurityAccessImpl.doIntersectionPrivilege(Unknown Source)
	at java.awt.EventQueue.dispatchEvent(Unknown Source)
	at java.awt.EventDispatchThread.pumpOneEventForFilters(Unknown Source)
	at java.awt.EventDispatchThread.pumpEventsForFilter(Unknown Source)
	at java.awt.EventDispatchThread.pumpEventsForHierarchy(Unknown Source)
	at java.awt.EventDispatchThread.pumpEvents(Unknown Source)
	at java.awt.EventDispatchThread.pumpEvents(Unknown Source)
	at java.awt.EventDispatchThread.run(Unknown Source)
